<?xml version="1.0" encoding="UTF-8" ?>
<testsuite tests="6" failures="0" name="com.stevesun.MissingRangesTest" time="0.006" errors="0" skipped="0">
  <properties>
[...]
</properties>
  <testcase classname="com.stevesun.MissingRangesTest" name="test1" time="0.005"/>
  <testcase classname="com.stevesun.MissingRangesTest" name="test2" time="0"/>
  <testcase classname="com.stevesun.MissingRangesTest" name="test3" time="0"/>
  <testcase classname="com.stevesun.MissingRangesTest" name="test4" time="0"/>
  <testcase classname="com.stevesun.MissingRangesTest" name="test5" time="0.001"/>
  <testcase classname="com.stevesun.MissingRangesTest" name="test6" time="0"/>
</testsuite>